<?xml version="1.0" encoding="UTF-8"?>
<testng-results ignored="0" total="1" passed="1" failed="0" skipped="0">
  <reporter-output>
    <line>
      <![CDATA[Chrome Browser got launched]]>
    </line>
    <line>
      <![CDATA[Navigated to login page of the application]]>
    </line>
    <line>
      <![CDATA[Enter the valid credentails and clicked on login button]]>
    </line>
    <line>
      <![CDATA[<a target="_blank" href="\home\navadhiti\eclipse-workspace1\TestNG\screenshots\screenshot1.png">Screenshot</a>]]>
    </line>
    <line>
      <![CDATA[<img src="\home\navadhiti\eclipse-workspace1\TestNG\screenshots\screenshot1.png"/>]]>
    </line>
  </reporter-output>
  <suite started-at="2023-04-26T15:30:41 IST" name="Default suite" finished-at="2023-04-26T15:30:45 IST" duration-ms="3233">
    <groups>
    </groups>
    <test started-at="2023-04-26T15:30:41 IST" name="Default test" finished-at="2023-04-26T15:30:45 IST" duration-ms="3233">
      <class name="testpack.screenshot">
        <test-method signature="test()[pri:0, instance:testpack.screenshot@34b7ac2f]" started-at="2023-04-26T15:30:41 IST" name="test" finished-at="2023-04-26T15:30:45 IST" duration-ms="3179" status="PASS">
          <reporter-output>
            <line>
              <![CDATA[Chrome Browser got launched]]>
            </line>
            <line>
              <![CDATA[Navigated to login page of the application]]>
            </line>
            <line>
              <![CDATA[Enter the valid credentails and clicked on login button]]>
            </line>
            <line>
              <![CDATA[<a target="_blank" href="\home\navadhiti\eclipse-workspace1\TestNG\screenshots\screenshot1.png">Screenshot</a>]]>
            </line>
            <line>
              <![CDATA[<img src="\home\navadhiti\eclipse-workspace1\TestNG\screenshots\screenshot1.png"/>]]>
            </line>
          </reporter-output>
        </test-method> <!-- test -->
      </class> <!-- testpack.screenshot -->
    </test> <!-- Default test -->
  </suite> <!-- Default suite -->
</testng-results>
